Mon, 10 Feb 2025 00:54:44 GMT -- method: GET -- url: /usuarios/login -- status: 404 -- response-time: 6.892 ms
Mon, 10 Feb 2025 00:54:50 GMT -- method: POST -- url: /usuarios/login -- status: 500 -- response-time: 1226.191 ms
Mon, 10 Feb 2025 00:55:53 GMT -- method: POST -- url: /usuarios/login -- status: 500 -- response-time: 1369.912 ms
Mon, 10 Feb 2025 00:58:17 GMT -- method: POST -- url: /usuarios/login -- status: 200 -- response-time: 1839.608 ms
Mon, 10 Feb 2025 01:01:06 GMT -- method: PUT -- url: /favoritos/1 -- status: 403 -- response-time: 13.916 ms
Mon, 10 Feb 2025 01:03:52 GMT -- method: PUT -- url: /favoritos/1 -- status: 403 -- response-time: 52.174 ms
Mon, 10 Feb 2025 01:06:57 GMT -- method: POST -- url: /usuarios/login -- status: 200 -- response-time: 1573.915 ms
Mon, 10 Feb 2025 01:07:11 GMT -- method: PUT -- url: /favoritos/1 -- status: 403 -- response-time: 11.248 ms
Mon, 10 Feb 2025 01:09:04 GMT -- method: PUT -- url: /favoritos/1 -- status: 403 -- response-time: 23.462 ms
Mon, 10 Feb 2025 01:09:54 GMT -- method: PUT -- url: /favoritos/1 -- status: 403 -- response-time: 34.256 ms
Mon, 10 Feb 2025 01:09:57 GMT -- method: PUT -- url: /favoritos/1 -- status: 403 -- response-time: 7.025 ms
Mon, 10 Feb 2025 01:10:43 GMT -- method: PUT -- url: /favoritos/1 -- status: 403 -- response-time: 36.950 ms
Mon, 10 Feb 2025 01:11:54 GMT -- method: POST -- url: /usuarios/login -- status: 500 -- response-time: 1812.238 ms
Mon, 10 Feb 2025 01:14:48 GMT -- method: POST -- url: /usuarios/login -- status: 500 -- response-time: 3010.531 ms
Mon, 10 Feb 2025 01:14:58 GMT -- method: POST -- url: /usuarios/login -- status: 500 -- response-time: 1416.447 ms
Mon, 10 Feb 2025 01:15:59 GMT -- method: POST -- url: /usuarios/login -- status: 500 -- response-time: 2021.575 ms
Mon, 10 Feb 2025 01:17:31 GMT -- method: POST -- url: /usuarios/login -- status: 500 -- response-time: 1684.578 ms
Mon, 10 Feb 2025 01:18:14 GMT -- method: POST -- url: /usuarios/login -- status: 200 -- response-time: 3400.083 ms
Mon, 10 Feb 2025 01:18:30 GMT -- method: PUT -- url: /favoritos/1 -- status: 403 -- response-time: 12.148 ms
Mon, 10 Feb 2025 01:20:22 GMT -- method: PUT -- url: /favoritos/1 -- status: 403 -- response-time: 26.067 ms
Mon, 10 Feb 2025 01:21:56 GMT -- method: PUT -- url: /favoritos/1 -- status: 403 -- response-time: 25.641 ms
Mon, 10 Feb 2025 01:22:03 GMT -- method: POST -- url: /usuarios/login -- status: 200 -- response-time: 1796.685 ms
Mon, 10 Feb 2025 01:22:44 GMT -- method: PUT -- url: /favoritos/1 -- status: 403 -- response-time: 4.622 ms
Mon, 10 Feb 2025 01:24:01 GMT -- method: POST -- url: /usuarios/login -- status: 200 -- response-time: 1965.650 ms
Mon, 10 Feb 2025 01:24:09 GMT -- method: PUT -- url: /favoritos/1 -- status: 403 -- response-time: 13.588 ms
Mon, 10 Feb 2025 01:25:36 GMT -- method: POST -- url: /usuarios/login -- status: 200 -- response-time: 1117.820 ms
Mon, 10 Feb 2025 01:25:39 GMT -- method: PUT -- url: /favoritos/1 -- status: 403 -- response-time: 8.982 ms
Mon, 10 Feb 2025 01:28:24 GMT -- method: POST -- url: /usuarios/login -- status: 500 -- response-time: 1530.679 ms
Mon, 10 Feb 2025 01:29:22 GMT -- method: POST -- url: /usuarios/login -- status: 500 -- response-time: 1707.330 ms
Mon, 10 Feb 2025 01:30:39 GMT -- method: POST -- url: /usuarios/login -- status: 200 -- response-time: 1577.849 ms
Mon, 10 Feb 2025 01:31:31 GMT -- method: POST -- url: /usuarios/login -- status: 500 -- response-time: 1419.935 ms
Mon, 10 Feb 2025 01:32:45 GMT -- method: POST -- url: /usuarios/login -- status: 200 -- response-time: 1853.600 ms
Mon, 10 Feb 2025 01:33:01 GMT -- method: PUT -- url: /favoritos/1 -- status: 403 -- response-time: 13.134 ms
Mon, 10 Feb 2025 01:35:51 GMT -- method: POST -- url: /usuarios/login -- status: 200 -- response-time: 1723.977 ms
Mon, 10 Feb 2025 01:35:57 GMT -- method: PUT -- url: /favoritos/1 -- status: 403 -- response-time: 9.321 ms
Mon, 10 Feb 2025 01:38:04 GMT -- method: POST -- url: /usuarios/login -- status: 200 -- response-time: 1534.050 ms
Mon, 10 Feb 2025 01:38:15 GMT -- method: PUT -- url: /favoritos/1 -- status: 403 -- response-time: 20.883 ms
Mon, 10 Feb 2025 01:40:03 GMT -- method: POST -- url: /usuarios/login -- status: 200 -- response-time: 2324.833 ms
Mon, 10 Feb 2025 01:40:07 GMT -- method: PUT -- url: /favoritos/1 -- status: 500 -- response-time: 18.614 ms
Mon, 10 Feb 2025 01:49:20 GMT -- method: POST -- url: /usuarios/login -- status: 200 -- response-time: 1776.353 ms
Mon, 10 Feb 2025 01:49:24 GMT -- method: PUT -- url: /favoritos/1 -- status: 403 -- response-time: 20.750 ms
Mon, 10 Feb 2025 01:56:10 GMT -- method: PUT -- url: /favoritos/1 -- status: 403 -- response-time: 902.034 ms
Mon, 10 Feb 2025 01:56:55 GMT -- method: PUT -- url: /favoritos/1 -- status: 500 -- response-time: 1455.630 ms
Mon, 10 Feb 2025 01:57:17 GMT -- method: PUT -- url: /favoritos/1 -- status: 200 -- response-time: 1055.202 ms
Mon, 10 Feb 2025 02:00:26 GMT -- method: PUT -- url: /favoritos/1 -- status: 403 -- response-time: 8.272 ms
Mon, 10 Feb 2025 02:00:30 GMT -- method: PUT -- url: /favoritos/1 -- status: 403 -- response-time: 3.123 ms
Mon, 10 Feb 2025 02:01:12 GMT -- method: PUT -- url: /favoritos/1 -- status: 403 -- response-time: 1.797 ms
Mon, 10 Feb 2025 02:01:13 GMT -- method: PUT -- url: /favoritos/1 -- status: 403 -- response-time: 1.579 ms
Mon, 10 Feb 2025 02:01:24 GMT -- method: POST -- url: /usuarios/login -- status: 200 -- response-time: 1323.718 ms
Mon, 10 Feb 2025 02:02:44 GMT -- method: PUT -- url: /favoritos/1 -- status: 401 -- response-time: 9.708 ms
Mon, 10 Feb 2025 02:03:26 GMT -- method: PUT -- url: /favoritos/1 -- status: 403 -- response-time: 17.059 ms
Mon, 10 Feb 2025 02:03:53 GMT -- method: POST -- url: /usuarios/login -- status: 200 -- response-time: 1449.622 ms
Mon, 10 Feb 2025 02:04:00 GMT -- method: PUT -- url: /favoritos/1 -- status: 403 -- response-time: 16.516 ms
Mon, 10 Feb 2025 02:05:28 GMT -- method: PUT -- url: /favoritos/1 -- status: 403 -- response-time: 7.409 ms
Mon, 10 Feb 2025 02:05:38 GMT -- method: POST -- url: /usuarios/login -- status: 200 -- response-time: 1991.888 ms
Mon, 10 Feb 2025 02:05:52 GMT -- method: PUT -- url: /favoritos/1 -- status: 403 -- response-time: 10.217 ms
Mon, 10 Feb 2025 02:06:29 GMT -- method: POST -- url: /usuarios/login -- status: 200 -- response-time: 1154.274 ms
Mon, 10 Feb 2025 02:07:29 GMT -- method: POST -- url: /usuarios/login -- status: 200 -- response-time: 1422.012 ms
Mon, 10 Feb 2025 02:08:07 GMT -- method: PUT -- url: /favoritos/1 -- status: 403 -- response-time: 13.851 ms
Mon, 10 Feb 2025 02:08:09 GMT -- method: PUT -- url: /favoritos/1 -- status: 403 -- response-time: 12.426 ms
Mon, 10 Feb 2025 02:08:10 GMT -- method: PUT -- url: /favoritos/1 -- status: 403 -- response-time: 12.204 ms
Mon, 10 Feb 2025 02:08:10 GMT -- method: PUT -- url: /favoritos/1 -- status: 403 -- response-time: 8.650 ms
Mon, 10 Feb 2025 02:08:11 GMT -- method: PUT -- url: /favoritos/1 -- status: 403 -- response-time: 7.167 ms
Mon, 10 Feb 2025 02:12:04 GMT -- method: POST -- url: /usuarios/login -- status: 200 -- response-time: 1257.048 ms
Mon, 10 Feb 2025 02:12:31 GMT -- method: PUT -- url: /favoritos/1 -- status: 403 -- response-time: 11.157 ms
Mon, 10 Feb 2025 02:14:53 GMT -- method: POST -- url: /usuarios/login -- status: 200 -- response-time: 1429.538 ms
Mon, 10 Feb 2025 02:16:55 GMT -- method: PUT -- url: /favoritos/1 -- status: 403 -- response-time: 11.062 ms
Mon, 10 Feb 2025 02:17:59 GMT -- method: POST -- url: /usuarios/login -- status: 200 -- response-time: 1095.729 ms
Mon, 10 Feb 2025 02:18:02 GMT -- method: PUT -- url: /favoritos/1 -- status: 403 -- response-time: 10.199 ms
Mon, 10 Feb 2025 02:18:20 GMT -- method: PUT -- url: /favoritos/1 -- status: 403 -- response-time: 10.594 ms
Mon, 10 Feb 2025 02:20:05 GMT -- method: POST -- url: /usuarios/login -- status: 200 -- response-time: 2400.130 ms
Mon, 10 Feb 2025 02:20:23 GMT -- method: PUT -- url: /favoritos/1 -- status: 401 -- response-time: 19.316 ms
Mon, 10 Feb 2025 02:22:16 GMT -- method: POST -- url: /usuarios/login -- status: 200 -- response-time: 2467.381 ms
Mon, 10 Feb 2025 02:22:35 GMT -- method: PUT -- url: /favoritos/1 -- status: 200 -- response-time: 758.983 ms
Mon, 10 Feb 2025 02:23:04 GMT -- method: PUT -- url: /favoritos/1 -- status: 403 -- response-time: 1231.192 ms
Mon, 10 Feb 2025 02:23:38 GMT -- method: PUT -- url: /favoritos/1 -- status: 403 -- response-time: 1255.945 ms
Mon, 10 Feb 2025 02:23:44 GMT -- method: POST -- url: /usuarios/login -- status: 200 -- response-time: 268.283 ms
Mon, 10 Feb 2025 02:23:59 GMT -- method: PUT -- url: /favoritos/1 -- status: 403 -- response-time: 904.689 ms
Mon, 10 Feb 2025 02:24:16 GMT -- method: PUT -- url: /favoritos/1 -- status: 200 -- response-time: 1021.111 ms
Mon, 10 Feb 2025 02:28:05 GMT -- method: PUT -- url: /favoritos/1 -- status: 200 -- response-time: 762.118 ms
Mon, 10 Feb 2025 02:28:23 GMT -- method: PUT -- url: /favoritos/1 -- status: 403 -- response-time: 1031.193 ms
Mon, 10 Feb 2025 02:31:43 GMT -- method: PUT -- url: /favoritos -- status: 404 -- response-time: 8.104 ms
Mon, 10 Feb 2025 02:31:48 GMT -- method: GET -- url: /favoritos -- status: 200 -- response-time: 998.942 ms
Mon, 10 Feb 2025 02:31:58 GMT -- method: PUT -- url: /favoritos/1 -- status: 403 -- response-time: 18.576 ms
Mon, 10 Feb 2025 02:39:37 GMT -- method: PUT -- url: /favoritos/1 -- status: 403 -- response-time: 573.451 ms
Mon, 10 Feb 2025 02:41:51 GMT -- method: PUT -- url: /favoritos/1 -- status: 200 -- response-time: 536.498 ms
Mon, 10 Feb 2025 02:42:05 GMT -- method: PUT -- url: /favoritos/1 -- status: 403 -- response-time: 423.656 ms
Mon, 10 Feb 2025 02:43:13 GMT -- method: PUT -- url: /favoritos/1 -- status: 200 -- response-time: 709.323 ms
Mon, 10 Feb 2025 02:43:28 GMT -- method: PUT -- url: /favoritos/1 -- status: 403 -- response-time: 470.606 ms
Mon, 10 Feb 2025 15:35:44 GMT -- method: POST -- url: /usuarios/login -- status: 200 -- response-time: 1067.472 ms
Mon, 10 Feb 2025 15:36:06 GMT -- method: PUT -- url: /favoritos/1 -- status: 403 -- response-time: 998.998 ms
Mon, 10 Feb 2025 15:36:20 GMT -- method: PUT -- url: /favoritos/1 -- status: 200 -- response-time: 603.843 ms
Mon, 10 Feb 2025 15:52:27 GMT -- method: GET -- url: /usuarios -- status: 401 -- response-time: 8.287 ms
Mon, 10 Feb 2025 15:52:36 GMT -- method: POST -- url: /usuarios/login -- status: 200 -- response-time: 1725.646 ms
Mon, 10 Feb 2025 15:53:02 GMT -- method: GET -- url: /usuarios -- status: 200 -- response-time: 1943.511 ms
Mon, 10 Feb 2025 15:53:28 GMT -- method: GET -- url: /usuarios -- status: 403 -- response-time: 1381.684 ms
Mon, 10 Feb 2025 20:04:41 GMT -- method: POST -- url: /usuarios/login -- status: 200 -- response-time: 1896.941 ms
Mon, 10 Feb 2025 20:05:12 GMT -- method: GET -- url: /usuarios -- status: 403 -- response-time: 1061.519 ms
Mon, 10 Feb 2025 20:05:35 GMT -- method: GET -- url: /usuarios -- status: 200 -- response-time: 1563.732 ms
Mon, 10 Feb 2025 20:07:04 GMT -- method: GET -- url: /pagos -- status: 200 -- response-time: 954.633 ms
Sat, 15 Feb 2025 21:07:21 GMT -- method: GET -- url: /pagos -- status: 401 -- response-time: 6.854 ms
Sat, 15 Feb 2025 21:07:41 GMT -- method: GET -- url: /usuarios -- status: 401 -- response-time: 2.166 ms
Sat, 15 Feb 2025 21:08:34 GMT -- method: GET -- url: /productos -- status: 200 -- response-time: 2478.304 ms
Sat, 15 Feb 2025 21:10:21 GMT -- method: GET -- url: /productos -- status: 200 -- response-time: 399.749 ms
